<?xml version="1.0" encoding="UTF-8"?>
<testsuite xmlns:xsi="http://www.w3.org/2001/XMLSchema-instance" xsi:noNamespaceSchemaLocation="https://maven.apache.org/surefire/maven-surefire-plugin/xsd/surefire-test-report.xsd" name="parallel.ParallelRun" time="395.627" tests="15" errors="0" skipped="0" failures="4">
  <properties>
[...]
</properties>
  <testcase name="runScenario" classname="parallel.ParallelRun" time="13.698"/>
  <testcase name="runScenario" classname="parallel.ParallelRun" time="8.673"/>
  <testcase name="runScenario" classname="parallel.ParallelRun" time="19.458"/>
  <testcase name="runScenario" classname="parallel.ParallelRun" time="38"/>
  <testcase name="runScenario" classname="parallel.ParallelRun" time="3.717">
    <failure message="no such element: Unable to locate element: {&quot;method&quot;:&quot;xpath&quot;,&quot;selector&quot;:&quot;//input[@name=&apos;email&apos;]&quot;}&#10;  (Session info: headless chrome=107.0.5304.108)&#10;For documentation on this error, please visit: https://www.seleniumhq.org/exceptions/no_such_element.html&#10;Build info: version: &apos;3.141.59&apos;, revision: &apos;e82be7d358&apos;, time: &apos;2018-11-14T08:17:03&apos;&#10;System info: host: &apos;DESKTOP-5CH6N67&apos;, ip: &apos;192.168.0.104&apos;, os.name: &apos;Windows 10&apos;, os.arch: &apos;amd64&apos;, os.version: &apos;10.0&apos;, java.version: &apos;11.0.15&apos;&#10;Driver info: org.openqa.selenium.chrome.ChromeDriver&#10;Capabilities {acceptInsecureCerts: false, browserName: chrome, browserVersion: 107.0.5304.108, chrome: {chromedriverVersion: 107.0.5304.62 (1eec40d3a576..., userDataDir: C:\Users\PRATIM\AppData\Loc...}, goog:chromeOptions: {debuggerAddress: localhost:60888}, javascriptEnabled: true, networkConnectionEnabled: false, pageLoadStrategy: normal, platform: WINDOWS, platformName: WINDOWS, proxy: Proxy(), setWindowRect: true, strictFileInteractability: false, timeouts: {implicit: 0, pageLoad: 300000, script: 30000}, unhandledPromptBehavior: dismiss and notify, webauthn:extension:credBlob: true, webauthn:extension:largeBlob: true, webauthn:virtualAuthenticators: true}&#10;Session ID: 0f976068915f09818a719b6b6b91f685&#10;*** Element info: {Using=xpath, value=//input[@name=&apos;email&apos;]}" type="org.openqa.selenium.NoSuchElementException">org.openqa.selenium.NoSuchElementException: 
no such element: Unable to locate element: {"method":"xpath","selector":"//input[@name='email']"}
  (Session info: headless chrome=107.0.5304.108)
For documentation on this error, please visit: https://www.seleniumhq.org/exceptions/no_such_element.html
Build info: version: '3.141.59', revision: 'e82be7d358', time: '2018-11-14T08:17:03'
System info: host: 'DESKTOP-5CH6N67', ip: '192.168.0.104', os.name: 'Windows 10', os.arch: 'amd64', os.version: '10.0', java.version: '11.0.15'
Driver info: org.openqa.selenium.chrome.ChromeDriver
Capabilities {acceptInsecureCerts: false, browserName: chrome, browserVersion: 107.0.5304.108, chrome: {chromedriverVersion: 107.0.5304.62 (1eec40d3a576..., userDataDir: C:\Users\PRATIM\AppData\Loc...}, goog:chromeOptions: {debuggerAddress: localhost:60888}, javascriptEnabled: true, networkConnectionEnabled: false, pageLoadStrategy: normal, platform: WINDOWS, platformName: WINDOWS, proxy: Proxy(), setWindowRect: true, strictFileInteractability: false, timeouts: {implicit: 0, pageLoad: 300000, script: 30000}, unhandledPromptBehavior: dismiss and notify, webauthn:extension:credBlob: true, webauthn:extension:largeBlob: true, webauthn:virtualAuthenticators: true}
Session ID: 0f976068915f09818a719b6b6b91f685
*** Element info: {Using=xpath, value=//input[@name='email']}
</failure>
    <system-out><![CDATA[
Scenario: Select previous month for monthly recurring revenue growth &amp#27;[90m# src/test/resources/parallel/dashboardpage.feature:20&amp#27;[0m
browser value is:chrome
login with: test-pratim@gmail.com and 123456
  &amp#27;[31mGiven &amp#27;[0m&amp#27;[31muser has already logged in to application&amp#27;[0m                    &amp#27;[90m# parallel.DashboardPageSteps.user_has_already_logged_in_to_application(io.cucumber.datatable.DataTable)&amp#27;[0m
      &amp#27;[31morg.openqa.selenium.NoSuchElementException: no such element: Unable to locate element: {"method":"xpath","selector":"//input[@name='email']"}
  (Session info: headless chrome=107.0.5304.108)
For documentation on this error, please visit: https://www.seleniumhq.org/exceptions/no_such_element.html
Build info: version: '3.141.59', revision: 'e82be7d358', time: '2018-11-14T08:17:03'
System info: host: 'DESKTOP-5CH6N67', ip: '192.168.0.104', os.name: 'Windows 10', os.arch: 'amd64', os.version: '10.0', java.version: '11.0.15'
Driver info: org.openqa.selenium.chrome.ChromeDriver
Capabilities {acceptInsecureCerts: false, browserName: chrome, browserVersion: 107.0.5304.108, chrome: {chromedriverVersion: 107.0.5304.62 (1eec40d3a576..., userDataDir: C:\Users\PRATIM\AppData\Loc...}, goog:chromeOptions: {debuggerAddress: localhost:60888}, javascriptEnabled: true, networkConnectionEnabled: false, pageLoadStrategy: normal, platform: WINDOWS, platformName: WINDOWS, proxy: Proxy(), setWindowRect: true, strictFileInteractability: false, timeouts: {implicit: 0, pageLoad: 300000, script: 30000}, unhandledPromptBehavior: dismiss and notify, webauthn:extension:credBlob: true, webauthn:extension:largeBlob: true, webauthn:virtualAuthenticators: true}
Session ID: 0f976068915f09818a719b6b6b91f685
*** Element info: {Using=xpath, value=//input[@name='email']}
	at java.base/jdk.internal.reflect.NativeConstructorAccessorImpl.newInstance0(Native Method)
	at java.base/jdk.internal.reflect.NativeConstructorAccessorImpl.newInstance(NativeConstructorAccessorImpl.java:62)
	at java.base/jdk.internal.reflect.DelegatingConstructorAccessorImpl.newInstance(DelegatingConstructorAccessorImpl.java:45)
	at java.base/java.lang.reflect.Constructor.newInstance(Constructor.java:490)
	at org.openqa.selenium.remote.http.W3CHttpResponseCodec.createException(W3CHttpResponseCodec.java:187)
	at org.openqa.selenium.remote.http.W3CHttpResponseCodec.decode(W3CHttpResponseCodec.java:122)
	at org.openqa.selenium.remote.http.W3CHttpResponseCodec.decode(W3CHttpResponseCodec.java:49)
	at org.openqa.selenium.remote.HttpCommandExecutor.execute(HttpCommandExecutor.java:158)
	at org.openqa.selenium.remote.service.DriverCommandExecutor.execute(DriverCommandExecutor.java:83)
	at org.openqa.selenium.remote.RemoteWebDriver.execute(RemoteWebDriver.java:552)
	at org.openqa.selenium.remote.RemoteWebDriver.findElement(RemoteWebDriver.java:323)
	at org.openqa.selenium.remote.RemoteWebDriver.findElementByXPath(RemoteWebDriver.java:428)
	at org.openqa.selenium.By$ByXPath.findElement(By.java:353)
	at org.openqa.selenium.remote.RemoteWebDriver.findElement(RemoteWebDriver.java:315)
	at com.pages.LoginPage.doLogin(LoginPage.java:48)
	at parallel.DashboardPageSteps.user_has_already_logged_in_to_application(DashboardPageSteps.java:34)
	at âœ½.user has already logged in to application(file:///C:/Users/PRATIM/Downloads/RBG1-daily_automation/RBG1-daily_automation/RBG_Hybrid/src/test/resources/parallel/dashboardpage.feature:4)
&amp#27;[0m
  &amp#27;[36mGiven &amp#27;[0m&amp#27;[36muser is on Dashboard page&amp#27;[0m                                    &amp#27;[90m# parallel.DashboardPageSteps.user_is_on_dashboard_page()&amp#27;[0m
  &amp#27;[36mThen &amp#27;[0m&amp#27;[36muser selects previous month in monthly recurring revenue&amp#27;[0m      &amp#27;[90m# parallel.DashboardPageSteps.user_selects_previous_month_in_monthly_recurring_revenue()&amp#27;[0m
]]></system-out>
    <system-err><![CDATA[Starting ChromeDriver 107.0.5304.62 (1eec40d3a5764881c92085aaee66d25075c159aa-refs/branch-heads/5304@{#942}) on port 12912
Only local connections are allowed.
Please see https://chromedriver.chromium.org/security-considerations for suggestions on keeping ChromeDriver safe.
ChromeDriver was started successfully.
Nov 30, 2022 9:19:12 PM org.openqa.selenium.remote.ProtocolHandshake createSession
INFO: Detected dialect: W3C
]]></system-err>
  </testcase>
  <testcase name="runScenario" classname="parallel.ParallelRun" time="28.358"/>
  <testcase name="runScenario" classname="parallel.ParallelRun" time="28.463">
    <failure message="invalid argument: File not found : /home/ubuntu/Tier5QA/cat.jpg&#10;  (Session info: headless chrome=107.0.5304.108)&#10;Build info: version: &apos;3.141.59&apos;, revision: &apos;e82be7d358&apos;, time: &apos;2018-11-14T08:17:03&apos;&#10;System info: host: &apos;DESKTOP-5CH6N67&apos;, ip: &apos;192.168.0.104&apos;, os.name: &apos;Windows 10&apos;, os.arch: &apos;amd64&apos;, os.version: &apos;10.0&apos;, java.version: &apos;11.0.15&apos;&#10;Driver info: org.openqa.selenium.chrome.ChromeDriver&#10;Capabilities {acceptInsecureCerts: false, browserName: chrome, browserVersion: 107.0.5304.108, chrome: {chromedriverVersion: 107.0.5304.62 (1eec40d3a576..., userDataDir: C:\Users\PRATIM\AppData\Loc...}, goog:chromeOptions: {debuggerAddress: localhost:60950}, javascriptEnabled: true, networkConnectionEnabled: false, pageLoadStrategy: normal, platform: WINDOWS, platformName: WINDOWS, proxy: Proxy(), setWindowRect: true, strictFileInteractability: false, timeouts: {implicit: 0, pageLoad: 300000, script: 30000}, unhandledPromptBehavior: dismiss and notify, webauthn:extension:credBlob: true, webauthn:extension:largeBlob: true, webauthn:virtualAuthenticators: true}&#10;Session ID: f5cb85107b6aee4eec2ca629c7721b3c" type="org.openqa.selenium.InvalidArgumentException">org.openqa.selenium.InvalidArgumentException: 
invalid argument: File not found : /home/ubuntu/Tier5QA/cat.jpg
  (Session info: headless chrome=107.0.5304.108)
Build info: version: '3.141.59', revision: 'e82be7d358', time: '2018-11-14T08:17:03'
System info: host: 'DESKTOP-5CH6N67', ip: '192.168.0.104', os.name: 'Windows 10', os.arch: 'amd64', os.version: '10.0', java.version: '11.0.15'
Driver info: org.openqa.selenium.chrome.ChromeDriver
Capabilities {acceptInsecureCerts: false, browserName: chrome, browserVersion: 107.0.5304.108, chrome: {chromedriverVersion: 107.0.5304.62 (1eec40d3a576..., userDataDir: C:\Users\PRATIM\AppData\Loc...}, goog:chromeOptions: {debuggerAddress: localhost:60950}, javascriptEnabled: true, networkConnectionEnabled: false, pageLoadStrategy: normal, platform: WINDOWS, platformName: WINDOWS, proxy: Proxy(), setWindowRect: true, strictFileInteractability: false, timeouts: {implicit: 0, pageLoad: 300000, script: 30000}, unhandledPromptBehavior: dismiss and notify, webauthn:extension:credBlob: true, webauthn:extension:largeBlob: true, webauthn:virtualAuthenticators: true}
Session ID: f5cb85107b6aee4eec2ca629c7721b3c
</failure>
    <system-out><![CDATA[
Scenario: Gym profile picture can be added but this not mandatory &amp#27;[90m# src/test/resources/parallel/gymdetailspage.feature:19&amp#27;[0m
browser value is:chrome
login with: test-pratim@gmail.com and 123456
  &amp#27;[32mGiven &amp#27;[0m&amp#27;[32muser has already logged in&amp#27;[0m                                &amp#27;[90m# parallel.GymDetailsPageSteps.user_has_already_logged_in(io.cucumber.datatable.DataTable)&amp#27;[0m
  &amp#27;[32mWhen &amp#27;[0m&amp#27;[32muser clicks on the settings icon&amp#27;[0m                           &amp#27;[90m# parallel.GymDetailsPageSteps.user_clicks_on_the_settings_icon()&amp#27;[0m
  &amp#27;[32mAnd &amp#27;[0m&amp#27;[32muser clicks on gym details&amp#27;[0m                                  &amp#27;[90m# parallel.GymDetailsPageSteps.user_clicks_on_gym_details()&amp#27;[0m
  &amp#27;[32mAnd &amp#27;[0m&amp#27;[32mAccordingly User will click on Edit button&amp#27;[0m                  &amp#27;[90m# parallel.GymDetailsPageSteps.accordingly_user_will_click_on_edit_button()&amp#27;[0m
  &amp#27;[31mThen &amp#27;[0m&amp#27;[31mUser will click on upload and select any png or jpg file&amp#27;[0m   &amp#27;[90m# parallel.GymDetailsPageSteps.user_will_click_on_upload_and_select_any_png_or_jpg_file()&amp#27;[0m
      &amp#27;[31morg.openqa.selenium.InvalidArgumentException: invalid argument: File not found : /home/ubuntu/Tier5QA/cat.jpg
  (Session info: headless chrome=107.0.5304.108)
Build info: version: '3.141.59', revision: 'e82be7d358', time: '2018-11-14T08:17:03'
System info: host: 'DESKTOP-5CH6N67', ip: '192.168.0.104', os.name: 'Windows 10', os.arch: 'amd64', os.version: '10.0', java.version: '11.0.15'
Driver info: org.openqa.selenium.chrome.ChromeDriver
Capabilities {acceptInsecureCerts: false, browserName: chrome, browserVersion: 107.0.5304.108, chrome: {chromedriverVersion: 107.0.5304.62 (1eec40d3a576..., userDataDir: C:\Users\PRATIM\AppData\Loc...}, goog:chromeOptions: {debuggerAddress: localhost:60950}, javascriptEnabled: true, networkConnectionEnabled: false, pageLoadStrategy: normal, platform: WINDOWS, platformName: WINDOWS, proxy: Proxy(), setWindowRect: true, strictFileInteractability: false, timeouts: {implicit: 0, pageLoad: 300000, script: 30000}, unhandledPromptBehavior: dismiss and notify, webauthn:extension:credBlob: true, webauthn:extension:largeBlob: true, webauthn:virtualAuthenticators: true}
Session ID: f5cb85107b6aee4eec2ca629c7721b3c
	at java.base/jdk.internal.reflect.NativeConstructorAccessorImpl.newInstance0(Native Method)
	at java.base/jdk.internal.reflect.NativeConstructorAccessorImpl.newInstance(NativeConstructorAccessorImpl.java:62)
	at java.base/jdk.internal.reflect.DelegatingConstructorAccessorImpl.newInstance(DelegatingConstructorAccessorImpl.java:45)
	at java.base/java.lang.reflect.Constructor.newInstance(Constructor.java:490)
	at org.openqa.selenium.remote.http.W3CHttpResponseCodec.createException(W3CHttpResponseCodec.java:187)
	at org.openqa.selenium.remote.http.W3CHttpResponseCodec.decode(W3CHttpResponseCodec.java:122)
	at org.openqa.selenium.remote.http.W3CHttpResponseCodec.decode(W3CHttpResponseCodec.java:49)
	at org.openqa.selenium.remote.HttpCommandExecutor.execute(HttpCommandExecutor.java:158)
	at org.openqa.selenium.remote.service.DriverCommandExecutor.execute(DriverCommandExecutor.java:83)
	at org.openqa.selenium.remote.RemoteWebDriver.execute(RemoteWebDriver.java:552)
	at org.openqa.selenium.remote.RemoteWebElement.execute(RemoteWebElement.java:285)
	at org.openqa.selenium.remote.RemoteWebElement.sendKeys(RemoteWebElement.java:106)
	at com.pages.GymDetailsPage.uploadimagefile(GymDetailsPage.java:66)
	at parallel.GymDetailsPageSteps.user_will_click_on_upload_and_select_any_png_or_jpg_file(GymDetailsPageSteps.java:106)
	at âœ½.User will click on upload and select any png or jpg file(file:///C:/Users/PRATIM/Downloads/RBG1-daily_automation/RBG1-daily_automation/RBG_Hybrid/src/test/resources/parallel/gymdetailspage.feature:24)
&amp#27;[0m
  &amp#27;[36mAnd &amp#27;[0m&amp#27;[36mFinally click on Save&amp#27;[0m                                       &amp#27;[90m# parallel.GymDetailsPageSteps.finally_click_on_save()&amp#27;[0m
]]></system-out>
    <system-err><![CDATA[Starting ChromeDriver 107.0.5304.62 (1eec40d3a5764881c92085aaee66d25075c159aa-refs/branch-heads/5304@{#942}) on port 6062
Only local connections are allowed.
Please see https://chromedriver.chromium.org/security-considerations for suggestions on keeping ChromeDriver safe.
ChromeDriver was started successfully.
Nov 30, 2022 9:19:45 PM org.openqa.selenium.remote.ProtocolHandshake createSession
INFO: Detected dialect: W3C
]]></system-err>
  </testcase>
  <testcase name="runScenario" classname="parallel.ParallelRun" time="37.761"/>
  <testcase name="runScenario" classname="parallel.ParallelRun" time="5.189"/>
  <testcase name="runScenario" classname="parallel.ParallelRun" time="5.54"/>
  <testcase name="runScenario" classname="parallel.ParallelRun" time="14.822"/>
  <testcase name="runScenario" classname="parallel.ParallelRun" time="26.997"/>
  <testcase name="runScenario" classname="parallel.ParallelRun" time="57.5">
    <failure message="invalid argument: File not found : /home/ubuntu/Tier5QA/cat.jpg&#10;  (Session info: headless chrome=107.0.5304.108)&#10;Build info: version: &apos;3.141.59&apos;, revision: &apos;e82be7d358&apos;, time: &apos;2018-11-14T08:17:03&apos;&#10;System info: host: &apos;DESKTOP-5CH6N67&apos;, ip: &apos;192.168.0.104&apos;, os.name: &apos;Windows 10&apos;, os.arch: &apos;amd64&apos;, os.version: &apos;10.0&apos;, java.version: &apos;11.0.15&apos;&#10;Driver info: org.openqa.selenium.chrome.ChromeDriver&#10;Capabilities {acceptInsecureCerts: false, browserName: chrome, browserVersion: 107.0.5304.108, chrome: {chromedriverVersion: 107.0.5304.62 (1eec40d3a576..., userDataDir: C:\Users\PRATIM\AppData\Loc...}, goog:chromeOptions: {debuggerAddress: localhost:61188}, javascriptEnabled: true, networkConnectionEnabled: false, pageLoadStrategy: normal, platform: WINDOWS, platformName: WINDOWS, proxy: Proxy(), setWindowRect: true, strictFileInteractability: false, timeouts: {implicit: 0, pageLoad: 300000, script: 30000}, unhandledPromptBehavior: dismiss and notify, webauthn:extension:credBlob: true, webauthn:extension:largeBlob: true, webauthn:virtualAuthenticators: true}&#10;Session ID: 126e13fbc0f1b3ac06a9216f5cf6cf99" type="org.openqa.selenium.InvalidArgumentException">org.openqa.selenium.InvalidArgumentException: 
invalid argument: File not found : /home/ubuntu/Tier5QA/cat.jpg
  (Session info: headless chrome=107.0.5304.108)
Build info: version: '3.141.59', revision: 'e82be7d358', time: '2018-11-14T08:17:03'
System info: host: 'DESKTOP-5CH6N67', ip: '192.168.0.104', os.name: 'Windows 10', os.arch: 'amd64', os.version: '10.0', java.version: '11.0.15'
Driver info: org.openqa.selenium.chrome.ChromeDriver
Capabilities {acceptInsecureCerts: false, browserName: chrome, browserVersion: 107.0.5304.108, chrome: {chromedriverVersion: 107.0.5304.62 (1eec40d3a576..., userDataDir: C:\Users\PRATIM\AppData\Loc...}, goog:chromeOptions: {debuggerAddress: localhost:61188}, javascriptEnabled: true, networkConnectionEnabled: false, pageLoadStrategy: normal, platform: WINDOWS, platformName: WINDOWS, proxy: Proxy(), setWindowRect: true, strictFileInteractability: false, timeouts: {implicit: 0, pageLoad: 300000, script: 30000}, unhandledPromptBehavior: dismiss and notify, webauthn:extension:credBlob: true, webauthn:extension:largeBlob: true, webauthn:virtualAuthenticators: true}
Session ID: 126e13fbc0f1b3ac06a9216f5cf6cf99
</failure>
    <system-out><![CDATA[
Scenario: As a gym owner he/she should be able to add a product &amp#27;[90m# src/test/resources/parallel/productspage.feature:17&amp#27;[0m
browser value is:chrome
login with: test-pratim@gmail.com and 123456
  &amp#27;[32mGiven &amp#27;[0m&amp#27;[32muser into RBG&amp#27;[0m                                           &amp#27;[90m# parallel.ProductPageSteps.user_already_logged_in(io.cucumber.datatable.DataTable)&amp#27;[0m
  &amp#27;[32mWhen &amp#27;[0m&amp#27;[32muser clicks on the settings&amp#27;[0m                              &amp#27;[90m# parallel.ProductPageSteps.user_clicks_on_the_settings_icon()&amp#27;[0m
  &amp#27;[32mAnd &amp#27;[0m&amp#27;[32muser clicks on products label&amp#27;[0m                             &amp#27;[90m# parallel.ProductPageSteps.user_clicks_on_products_label()&amp#27;[0m
  &amp#27;[32mThen &amp#27;[0m&amp#27;[32muser will click on Add a Product button&amp#27;[0m                  &amp#27;[90m# parallel.ProductPageSteps.user_will_click_on_Add_a_Product_button()&amp#27;[0m
  &amp#27;[31mAnd &amp#27;[0m&amp#27;[31menter details to add product&amp#27;[0m                              &amp#27;[90m# parallel.ProductPageSteps.enter_details_to_add_product()&amp#27;[0m
      &amp#27;[31morg.openqa.selenium.InvalidArgumentException: invalid argument: File not found : /home/ubuntu/Tier5QA/cat.jpg
  (Session info: headless chrome=107.0.5304.108)
Build info: version: '3.141.59', revision: 'e82be7d358', time: '2018-11-14T08:17:03'
System info: host: 'DESKTOP-5CH6N67', ip: '192.168.0.104', os.name: 'Windows 10', os.arch: 'amd64', os.version: '10.0', java.version: '11.0.15'
Driver info: org.openqa.selenium.chrome.ChromeDriver
Capabilities {acceptInsecureCerts: false, browserName: chrome, browserVersion: 107.0.5304.108, chrome: {chromedriverVersion: 107.0.5304.62 (1eec40d3a576..., userDataDir: C:\Users\PRATIM\AppData\Loc...}, goog:chromeOptions: {debuggerAddress: localhost:61188}, javascriptEnabled: true, networkConnectionEnabled: false, pageLoadStrategy: normal, platform: WINDOWS, platformName: WINDOWS, proxy: Proxy(), setWindowRect: true, strictFileInteractability: false, timeouts: {implicit: 0, pageLoad: 300000, script: 30000}, unhandledPromptBehavior: dismiss and notify, webauthn:extension:credBlob: true, webauthn:extension:largeBlob: true, webauthn:virtualAuthenticators: true}
Session ID: 126e13fbc0f1b3ac06a9216f5cf6cf99
	at java.base/jdk.internal.reflect.NativeConstructorAccessorImpl.newInstance0(Native Method)
	at java.base/jdk.internal.reflect.NativeConstructorAccessorImpl.newInstance(NativeConstructorAccessorImpl.java:62)
	at java.base/jdk.internal.reflect.DelegatingConstructorAccessorImpl.newInstance(DelegatingConstructorAccessorImpl.java:45)
	at java.base/java.lang.reflect.Constructor.newInstance(Constructor.java:490)
	at org.openqa.selenium.remote.http.W3CHttpResponseCodec.createException(W3CHttpResponseCodec.java:187)
	at org.openqa.selenium.remote.http.W3CHttpResponseCodec.decode(W3CHttpResponseCodec.java:122)
	at org.openqa.selenium.remote.http.W3CHttpResponseCodec.decode(W3CHttpResponseCodec.java:49)
	at org.openqa.selenium.remote.HttpCommandExecutor.execute(HttpCommandExecutor.java:158)
	at org.openqa.selenium.remote.service.DriverCommandExecutor.execute(DriverCommandExecutor.java:83)
	at org.openqa.selenium.remote.RemoteWebDriver.execute(RemoteWebDriver.java:552)
	at org.openqa.selenium.remote.RemoteWebElement.execute(RemoteWebElement.java:285)
	at org.openqa.selenium.remote.RemoteWebElement.sendKeys(RemoteWebElement.java:106)
	at com.pages.ProductPage.enterproddetails(ProductPage.java:109)
	at parallel.ProductPageSteps.enter_details_to_add_product(ProductPageSteps.java:107)
	at âœ½.enter details to add product(file:///C:/Users/PRATIM/Downloads/RBG1-daily_automation/RBG1-daily_automation/RBG_Hybrid/src/test/resources/parallel/productspage.feature:22)
&amp#27;[0m
  &amp#27;[36mAnd &amp#27;[0m&amp#27;[36msave the product details&amp#27;[0m                                  &amp#27;[90m# parallel.ProductPageSteps.save_the_product_details()&amp#27;[0m
]]></system-out>
    <system-err><![CDATA[Starting ChromeDriver 107.0.5304.62 (1eec40d3a5764881c92085aaee66d25075c159aa-refs/branch-heads/5304@{#942}) on port 39415
Only local connections are allowed.
Please see https://chromedriver.chromium.org/security-considerations for suggestions on keeping ChromeDriver safe.
ChromeDriver was started successfully.
Nov 30, 2022 9:21:44 PM org.openqa.selenium.remote.ProtocolHandshake createSession
INFO: Detected dialect: W3C
]]></system-err>
  </testcase>
  <testcase name="runScenario" classname="parallel.ParallelRun" time="36.601"/>
  <testcase name="runScenario" classname="parallel.ParallelRun" time="57.178">
    <failure message="invalid argument: File not found : /home/ubuntu/Tier5QA/cat.jpg&#10;  (Session info: headless chrome=107.0.5304.108)&#10;Build info: version: &apos;3.141.59&apos;, revision: &apos;e82be7d358&apos;, time: &apos;2018-11-14T08:17:03&apos;&#10;System info: host: &apos;DESKTOP-5CH6N67&apos;, ip: &apos;192.168.0.104&apos;, os.name: &apos;Windows 10&apos;, os.arch: &apos;amd64&apos;, os.version: &apos;10.0&apos;, java.version: &apos;11.0.15&apos;&#10;Driver info: org.openqa.selenium.chrome.ChromeDriver&#10;Capabilities {acceptInsecureCerts: false, browserName: chrome, browserVersion: 107.0.5304.108, chrome: {chromedriverVersion: 107.0.5304.62 (1eec40d3a576..., userDataDir: C:\Users\PRATIM\AppData\Loc...}, goog:chromeOptions: {debuggerAddress: localhost:61290}, javascriptEnabled: true, networkConnectionEnabled: false, pageLoadStrategy: normal, platform: WINDOWS, platformName: WINDOWS, proxy: Proxy(), setWindowRect: true, strictFileInteractability: false, timeouts: {implicit: 0, pageLoad: 300000, script: 30000}, unhandledPromptBehavior: dismiss and notify, webauthn:extension:credBlob: true, webauthn:extension:largeBlob: true, webauthn:virtualAuthenticators: true}&#10;Session ID: 2c337717ee4052e99afa7cb2820f111d" type="org.openqa.selenium.InvalidArgumentException">org.openqa.selenium.InvalidArgumentException: 
invalid argument: File not found : /home/ubuntu/Tier5QA/cat.jpg
  (Session info: headless chrome=107.0.5304.108)
Build info: version: '3.141.59', revision: 'e82be7d358', time: '2018-11-14T08:17:03'
System info: host: 'DESKTOP-5CH6N67', ip: '192.168.0.104', os.name: 'Windows 10', os.arch: 'amd64', os.version: '10.0', java.version: '11.0.15'
Driver info: org.openqa.selenium.chrome.ChromeDriver
Capabilities {acceptInsecureCerts: false, browserName: chrome, browserVersion: 107.0.5304.108, chrome: {chromedriverVersion: 107.0.5304.62 (1eec40d3a576..., userDataDir: C:\Users\PRATIM\AppData\Loc...}, goog:chromeOptions: {debuggerAddress: localhost:61290}, javascriptEnabled: true, networkConnectionEnabled: false, pageLoadStrategy: normal, platform: WINDOWS, platformName: WINDOWS, proxy: Proxy(), setWindowRect: true, strictFileInteractability: false, timeouts: {implicit: 0, pageLoad: 300000, script: 30000}, unhandledPromptBehavior: dismiss and notify, webauthn:extension:credBlob: true, webauthn:extension:largeBlob: true, webauthn:virtualAuthenticators: true}
Session ID: 2c337717ee4052e99afa7cb2820f111d
</failure>
    <system-out><![CDATA[
Scenario: As a gym owner he/she should be able to add a program &amp#27;[90m# src/test/resources/parallel/programpage.feature:17&amp#27;[0m
browser value is:chrome
login with: test-pratim@gmail.com and 123456
  &amp#27;[32mGiven &amp#27;[0m&amp#27;[32muser into RBG and will check program feature&amp#27;[0m            &amp#27;[90m# parallel.ProgramPageSteps.user_into_rbg_and_will_check_program_feature(io.cucumber.datatable.DataTable)&amp#27;[0m
  &amp#27;[32mWhen &amp#27;[0m&amp#27;[32muser clicks on the gen settings&amp#27;[0m                          &amp#27;[90m# parallel.ProgramPageSteps.user_clicks_on_the_settings()&amp#27;[0m
  &amp#27;[32mAnd &amp#27;[0m&amp#27;[32muser clicks on program label&amp#27;[0m                              &amp#27;[90m# parallel.ProgramPageSteps.user_clicks_on_products_label()&amp#27;[0m
  &amp#27;[32mThen &amp#27;[0m&amp#27;[32muser will click on Add a Program button&amp#27;[0m                  &amp#27;[90m# parallel.ProgramPageSteps.user_will_click_on_add_a_program_button()&amp#27;[0m
  &amp#27;[31mAnd &amp#27;[0m&amp#27;[31menter details to add program&amp#27;[0m                              &amp#27;[90m# parallel.ProgramPageSteps.enter_details_to_add_program()&amp#27;[0m
      &amp#27;[31morg.openqa.selenium.InvalidArgumentException: invalid argument: File not found : /home/ubuntu/Tier5QA/cat.jpg
  (Session info: headless chrome=107.0.5304.108)
Build info: version: '3.141.59', revision: 'e82be7d358', time: '2018-11-14T08:17:03'
System info: host: 'DESKTOP-5CH6N67', ip: '192.168.0.104', os.name: 'Windows 10', os.arch: 'amd64', os.version: '10.0', java.version: '11.0.15'
Driver info: org.openqa.selenium.chrome.ChromeDriver
Capabilities {acceptInsecureCerts: false, browserName: chrome, browserVersion: 107.0.5304.108, chrome: {chromedriverVersion: 107.0.5304.62 (1eec40d3a576..., userDataDir: C:\Users\PRATIM\AppData\Loc...}, goog:chromeOptions: {debuggerAddress: localhost:61290}, javascriptEnabled: true, networkConnectionEnabled: false, pageLoadStrategy: normal, platform: WINDOWS, platformName: WINDOWS, proxy: Proxy(), setWindowRect: true, strictFileInteractability: false, timeouts: {implicit: 0, pageLoad: 300000, script: 30000}, unhandledPromptBehavior: dismiss and notify, webauthn:extension:credBlob: true, webauthn:extension:largeBlob: true, webauthn:virtualAuthenticators: true}
Session ID: 2c337717ee4052e99afa7cb2820f111d
	at java.base/jdk.internal.reflect.NativeConstructorAccessorImpl.newInstance0(Native Method)
	at java.base/jdk.internal.reflect.NativeConstructorAccessorImpl.newInstance(NativeConstructorAccessorImpl.java:62)
	at java.base/jdk.internal.reflect.DelegatingConstructorAccessorImpl.newInstance(DelegatingConstructorAccessorImpl.java:45)
	at java.base/java.lang.reflect.Constructor.newInstance(Constructor.java:490)
	at org.openqa.selenium.remote.http.W3CHttpResponseCodec.createException(W3CHttpResponseCodec.java:187)
	at org.openqa.selenium.remote.http.W3CHttpResponseCodec.decode(W3CHttpResponseCodec.java:122)
	at org.openqa.selenium.remote.http.W3CHttpResponseCodec.decode(W3CHttpResponseCodec.java:49)
	at org.openqa.selenium.remote.HttpCommandExecutor.execute(HttpCommandExecutor.java:158)
	at org.openqa.selenium.remote.service.DriverCommandExecutor.execute(DriverCommandExecutor.java:83)
	at org.openqa.selenium.remote.RemoteWebDriver.execute(RemoteWebDriver.java:552)
	at org.openqa.selenium.remote.RemoteWebElement.execute(RemoteWebElement.java:285)
	at org.openqa.selenium.remote.RemoteWebElement.sendKeys(RemoteWebElement.java:106)
	at com.pages.ProgramPage.entercoursedetails(ProgramPage.java:111)
	at parallel.ProgramPageSteps.enter_details_to_add_program(ProgramPageSteps.java:117)
	at âœ½.enter details to add program(file:///C:/Users/PRATIM/Downloads/RBG1-daily_automation/RBG1-daily_automation/RBG_Hybrid/src/test/resources/parallel/programpage.feature:22)
&amp#27;[0m
  &amp#27;[36mAnd &amp#27;[0m&amp#27;[36msave the program details&amp#27;[0m                                  &amp#27;[90m# parallel.ProgramPageSteps.save_the_program_details()&amp#27;[0m
]]></system-out>
    <system-err><![CDATA[Starting ChromeDriver 107.0.5304.62 (1eec40d3a5764881c92085aaee66d25075c159aa-refs/branch-heads/5304@{#942}) on port 37358
Only local connections are allowed.
Please see https://chromedriver.chromium.org/security-considerations for suggestions on keeping ChromeDriver safe.
ChromeDriver was started successfully.
Nov 30, 2022 9:23:17 PM org.openqa.selenium.remote.ProtocolHandshake createSession
INFO: Detected dialect: W3C
]]></system-err>
  </testcase>
</testsuite>